\BOOKMARK [1][-]{section*.1}{\376\377\000A\000b\000s\000t\000r\000a\000c\000t}{}% 1
\BOOKMARK [1][-]{section*.2}{\376\377\000S\000a\000m\000m\000a\000n\000f\000a\000t\000t\000n\000i\000n\000g}{}% 2
\BOOKMARK [1][-]{section*.3}{\376\377\000A\000c\000k\000n\000o\000w\000l\000e\000d\000g\000m\000e\000n\000t\000s}{}% 3
\BOOKMARK [1][-]{section*.5}{\376\377\000L\000i\000s\000t\000\040\000o\000f\000\040\000F\000i\000g\000u\000r\000e\000s}{}% 4
\BOOKMARK [1][-]{section*.6}{\376\377\000L\000i\000s\000t\000\040\000o\000f\000\040\000T\000a\000b\000l\000e\000s}{}% 5
\BOOKMARK [1][-]{section*.7}{\376\377\000L\000i\000s\000t\000\040\000o\000f\000\040\000A\000c\000r\000o\000n\000y\000m\000s\000\040\000a\000n\000d\000\040\000A\000b\000b\000r\000e\000v\000i\000a\000t\000i\000o\000n\000s}{}% 6
\BOOKMARK [1][-]{section.1}{\376\377\000I\000n\000t\000r\000o\000d\000u\000c\000t\000i\000o\000n}{}% 7
\BOOKMARK [2][-]{subsection.1.1}{\376\377\000B\000a\000c\000k\000g\000r\000o\000u\000n\000d}{section.1}% 8
\BOOKMARK [2][-]{subsection.1.2}{\376\377\000P\000r\000o\000b\000l\000e\000m}{section.1}% 9
\BOOKMARK [2][-]{subsection.1.3}{\376\377\000P\000u\000r\000p\000o\000s\000e}{section.1}% 10
\BOOKMARK [3][-]{subsubsection.1.3.1}{\376\377\000T\000e\000c\000h\000n\000i\000c\000a\000l\000\040\000R\000e\000s\000e\000a\000r\000c\000h\000\040\000q\000u\000e\000s\000t\000i\000o\000n\000s}{subsection.1.3}% 11
\BOOKMARK [3][-]{subsubsection.1.3.2}{\376\377\000B\000u\000s\000i\000n\000e\000s\000s\000\040\000R\000e\000s\000e\000a\000r\000c\000h\000\040\000q\000u\000e\000s\000t\000i\000o\000n\000s}{subsection.1.3}% 12
\BOOKMARK [3][-]{subsubsection.1.3.3}{\376\377\000S\000o\000c\000i\000e\000t\000a\000l\000\040\000I\000m\000p\000a\000c\000t}{subsection.1.3}% 13
\BOOKMARK [3][-]{subsubsection.1.3.4}{\376\377\000E\000t\000h\000i\000c\000a\000l\000\040\000c\000o\000n\000s\000i\000d\000e\000r\000a\000t\000i\000o\000n\000s}{subsection.1.3}% 14
\BOOKMARK [3][-]{subsubsection.1.3.5}{\376\377\000S\000u\000s\000t\000a\000i\000n\000a\000b\000i\000l\000i\000t\000y\000,\000\040\000a\000n\000d\000\040\000s\000o\000c\000i\000a\000l\000\040\000c\000o\000n\000s\000i\000d\000e\000r\000a\000t\000i\000o\000n\000s}{subsection.1.3}% 15
\BOOKMARK [2][-]{subsection.1.4}{\376\377\000G\000o\000a\000l\000s}{section.1}% 16
\BOOKMARK [2][-]{subsection.1.5}{\376\377\000R\000e\000s\000e\000a\000r\000c\000h\000\040\000M\000e\000t\000h\000o\000d\000o\000l\000o\000g\000y}{section.1}% 17
\BOOKMARK [3][-]{subsubsection.1.5.1}{\376\377\000D\000e\000s\000i\000g\000n\000\040\000S\000c\000i\000e\000n\000c\000e\000\040\000A\000p\000p\000r\000o\000a\000c\000h}{subsection.1.5}% 18
\BOOKMARK [3][-]{subsubsection.1.5.2}{\376\377\000Q\000u\000a\000n\000t\000i\000t\000a\000t\000i\000v\000e\000\040\000a\000n\000d\000\040\000Q\000u\000a\000l\000i\000t\000a\000t\000i\000v\000e\000\040\000M\000e\000t\000h\000o\000d\000s\000\040}{subsection.1.5}% 19
\BOOKMARK [2][-]{subsection.1.6}{\376\377\000D\000e\000l\000i\000m\000i\000t\000a\000t\000i\000o\000n\000s}{section.1}% 20
\BOOKMARK [2][-]{subsection.1.7}{\376\377\000S\000t\000r\000u\000c\000t\000u\000r\000e\000\040\000o\000f\000\040\000t\000h\000e\000\040\000t\000h\000e\000s\000i\000s}{section.1}% 21
\BOOKMARK [1][-]{section.2}{\376\377\000B\000a\000c\000k\000g\000r\000o\000u\000n\000d}{}% 22
\BOOKMARK [2][-]{subsection.2.1}{\376\377\000D\000i\000g\000i\000t\000a\000l\000\040\000A\000s\000s\000e\000t\000\040\000M\000a\000n\000a\000g\000e\000m\000e\000n\000t}{section.2}% 23
\BOOKMARK [3][-]{subsubsection.2.1.1}{\376\377\000C\000h\000o\000o\000s\000i\000n\000g\000\040\000a\000\040\000D\000A\000M\000\040\000a\000n\000d\000\040\000t\000h\000e\000\040\000k\000e\000y\000\040\000t\000a\000s\000k\000s}{subsection.2.1}% 24
\BOOKMARK [3][-]{subsubsection.2.1.2}{\376\377\000T\000e\000c\000h\000n\000o\000l\000o\000g\000i\000c\000a\000l\000\040\000T\000o\000o\000l\000s\000\040\000D\000e\000m\000a\000n\000d\000\040\000C\000o\000n\000t\000i\000n\000u\000o\000u\000s\000\040\000O\000r\000g\000a\000n\000i\000z\000a\000t\000i\000o\000n\000a\000l\000\040\000A\000d\000a\000p\000t\000a\000t\000i\000o\000n}{subsection.2.1}% 25
\BOOKMARK [2][-]{subsection.2.2}{\376\377\000A\000r\000t\000i\000f\000i\000c\000i\000a\000l\000\040\000I\000n\000t\000e\000l\000i\000g\000e\000n\000c\000e}{section.2}% 26
\BOOKMARK [3][-]{subsubsection.2.2.1}{\376\377\000O\000b\000j\000e\000c\000t\000\040\000D\000e\000t\000e\000c\000t\000i\000o\000n}{subsection.2.2}% 27
\BOOKMARK [3][-]{subsubsection.2.2.2}{\376\377\000A\000n\000c\000h\000o\000r\000-\000f\000r\000e\000e\000\040\000d\000e\000t\000e\000c\000t\000i\000o\000n\000\040\000m\000o\000d\000e\000l\000s}{subsection.2.2}% 28
\BOOKMARK [2][-]{subsection.2.3}{\376\377\000T\000h\000e\000\040\000A\000r\000c\000h\000i\000t\000e\000c\000t\000u\000r\000e\000\040\000o\000f\000\040\000a\000\040\000C\000o\000n\000v\000o\000l\000u\000t\000i\000o\000n\000a\000l\000\040\000N\000e\000u\000r\000a\000l\000\040\000N\000e\000t\000w\000o\000r\000k}{section.2}% 29
\BOOKMARK [3][-]{subsubsection.2.3.1}{\376\377\000T\000h\000e\000\040\000C\000o\000n\000v\000o\000l\000u\000t\000i\000o\000n\000a\000l\000\040\000O\000p\000e\000r\000a\000t\000i\000o\000n}{subsection.2.3}% 30
\BOOKMARK [3][-]{subsubsection.2.3.2}{\376\377\000T\000h\000e\000\040\000P\000o\000o\000l\000i\000n\000g\000\040\000O\000p\000e\000r\000a\000t\000i\000o\000n}{subsection.2.3}% 31
\BOOKMARK [3][-]{subsubsection.2.3.3}{\376\377\000A\000c\000t\000i\000v\000a\000t\000i\000o\000n\000\040\000F\000u\000n\000c\000t\000i\000o\000n\000s}{subsection.2.3}% 32
\BOOKMARK [3][-]{subsubsection.2.3.4}{\376\377\000S\000t\000r\000u\000c\000t\000u\000r\000a\000l\000\040\000C\000o\000m\000p\000o\000n\000e\000n\000t\000s\000\040\000o\000f\000\040\000t\000h\000e\000\040\000Y\000O\000L\000O\000\040\000A\000r\000c\000h\000i\000t\000e\000c\000t\000u\000r\000e}{subsection.2.3}% 33
\BOOKMARK [3][-]{subsubsection.2.3.5}{\376\377\000Y\000O\000L\000O\000v\0001\0001\000\040\000m\000o\000d\000e\000l}{subsection.2.3}% 34
\BOOKMARK [2][-]{subsection.2.4}{\376\377\000O\000b\000j\000e\000c\000t\000\040\000D\000e\000t\000e\000c\000t\000i\000o\000n\000\040\000w\000i\000t\000h\000\040\000Y\000O\000L\000O\000v\0001\0001}{section.2}% 35
\BOOKMARK [2][-]{subsection.2.5}{\376\377\000L\000O\000S\000S}{section.2}% 36
\BOOKMARK [3][-]{subsubsection.2.5.1}{\376\377\000W\000h\000y\000\040\000t\000o\000\040\000m\000a\000k\000e\000\040\000o\000u\000r\000\040\000o\000w\000n\000\040\000a\000n\000d\000\040\000n\000o\000t\000\040\000u\000s\000e\000\040\000a\000\040\000s\000e\000r\000v\000i\000c\000e}{subsection.2.5}% 37
\BOOKMARK [3][-]{subsubsection.2.5.2}{\376\377\000M\000a\000j\000o\000r\000\040\000b\000a\000c\000k\000g\000r\000o\000u\000n\000d\000\040\000a\000r\000e\000a\000\043\0001\000\043\0001}{subsection.2.5}% 38
\BOOKMARK [3][-]{subsubsection.2.5.3}{\376\377\000T\000h\000e\000\040\000Y\000O\000L\000O\000\040\000m\000o\000d\000e\000l}{subsection.2.5}% 39
\BOOKMARK [2][-]{subsection.2.6}{\376\377\000M\000a\000j\000o\000r\000\040\000b\000a\000c\000k\000g\000r\000o\000u\000n\000d\000\040\000a\000r\000e\000a\000\043\0002}{section.2}% 40
\BOOKMARK [3][-]{subsubsection.2.6.1}{\376\377\000M\000a\000j\000o\000r\000\040\000b\000a\000c\000k\000g\000r\000o\000u\000n\000d\000\040\000a\000r\000e\000a\000\043\0002\000\043\0001}{subsection.2.6}% 41
\BOOKMARK [3][-]{subsubsection.2.6.2}{\376\377\000M\000a\000j\000o\000r\000\040\000b\000a\000c\000k\000g\000r\000o\000u\000n\000d\000\040\000a\000r\000e\000a\000\043\0002\000\043\0002}{subsection.2.6}% 42
\BOOKMARK [2][-]{subsection.2.7}{\376\377\000R\000e\000l\000a\000t\000e\000d\000\040\000w\000o\000r\000k}{section.2}% 43
\BOOKMARK [3][-]{subsubsection.2.7.1}{\376\377\000M\000a\000j\000o\000r\000\040\000r\000e\000l\000a\000t\000e\000d\000\040\000w\000o\000r\000k}{subsection.2.7}% 44
\BOOKMARK [3][-]{subsubsection.2.7.2}{\376\377\000M\000a\000j\000o\000r\000\040\000r\000e\000l\000a\000t\000e\000d\000\040\000w\000o\000r\000k}{subsection.2.7}% 45
\BOOKMARK [3][-]{subsubsection.2.7.3}{\376\377\000M\000i\000n\000o\000r\000\040\000r\000e\000l\000a\000t\000e\000d\000\040\000w\000o\000r\000k}{subsection.2.7}% 46
\BOOKMARK [2][-]{subsection.2.8}{\376\377\000S\000u\000m\000m\000a\000r\000y}{section.2}% 47
\BOOKMARK [1][-]{section.3}{\376\377\000M\000e\000t\000h\000o\000d\000o\000l\000o\000g\000y}{}% 48
\BOOKMARK [2][-]{subsection.3.1}{\376\377\000R\000e\000s\000e\000a\000r\000c\000h\000\040\000P\000a\000r\000a\000d\000i\000g\000m}{section.3}% 49
\BOOKMARK [2][-]{subsection.3.2}{\376\377\000R\000e\000s\000e\000a\000r\000c\000h\000\040\000P\000r\000o\000c\000e\000s\000s}{section.3}% 50
\BOOKMARK [2][-]{subsection.3.3}{\376\377\000D\000a\000t\000a\000\040\000C\000o\000l\000l\000e\000c\000t\000i\000o\000n}{section.3}% 51
\BOOKMARK [3][-]{subsubsection.3.3.1}{\376\377\000S\000a\000m\000p\000l\000i\000n\000g\000\040\000a\000n\000d\000\040\000T\000a\000r\000g\000e\000t\000\040\000P\000o\000p\000u\000l\000a\000t\000i\000o\000n}{subsection.3.3}% 52
\BOOKMARK [2][-]{subsection.3.4}{\376\377\000E\000x\000p\000e\000r\000i\000m\000e\000n\000t\000a\000l\000\040\000D\000e\000s\000i\000g\000n}{section.3}% 53
\BOOKMARK [2][-]{subsection.3.5}{\376\377\000R\000e\000l\000i\000a\000b\000i\000l\000i\000t\000y\000\040\000a\000n\000d\000\040\000V\000a\000l\000i\000d\000i\000t\000y}{section.3}% 54
\BOOKMARK [1][-]{section.4}{\376\377\000\040\000I\000m\000p\000l\000e\000m\000e\000n\000t\000a\000t\000i\000o\000n}{}% 55
\BOOKMARK [2][-]{subsection.4.1}{\376\377\000B\000u\000s\000s\000i\000n\000e\000s\000\040\000I\000m\000p\000l\000e\000m\000e\000n\000t\000a\000t\000i\000o\000n\000\050\0001\000B\040\023\0003\000B\000\051}{section.4}% 56
\BOOKMARK [2][-]{subsection.4.2}{\376\377\000T\000e\000c\000h\000n\000i\000c\000a\000l\000\040\000I\000m\000p\000l\000e\000m\000e\000n\000t\000a\000t\000i\000o\000n\000\050\0001\000T\000-\0008\000T\000\051}{section.4}% 57
\BOOKMARK [2][-]{subsection.4.3}{\376\377\000S\000t\000r\000a\000t\000e\000g\000i\000c\000\040\000D\000A\000M\000\040\000R\000e\000c\000o\000m\000m\000e\000n\000d\000a\000t\000i\000o\000n\000\040\000\050\0009\000T\0004\000B\000\051}{section.4}% 58
\BOOKMARK [1][-]{section.5}{\376\377\000R\000e\000s\000u\000l\000t\000s\000\040\000a\000n\000d\000\040\000A\000n\000a\000l\000y\000s\000i\000s}{}% 59
\BOOKMARK [2][-]{subsection.5.1}{\376\377\000M\000a\000j\000o\000r\000\040\000r\000e\000s\000u\000l\000t\000s}{section.5}% 60
\BOOKMARK [2][-]{subsection.5.2}{\376\377\000R\000e\000l\000i\000a\000b\000i\000l\000i\000t\000y\000\040\000A\000n\000a\000l\000y\000s\000i\000s}{section.5}% 61
\BOOKMARK [2][-]{subsection.5.3}{\376\377\000V\000a\000l\000i\000d\000i\000t\000y\000\040\000A\000n\000a\000l\000y\000s\000i\000s}{section.5}% 62
\BOOKMARK [2][-]{subsection.5.4}{\376\377\000D\000i\000s\000c\000u\000s\000s\000i\000o\000n}{section.5}% 63
\BOOKMARK [2][-]{subsection.5.5}{\376\377\000Y\000O\000L\000O\000v\0001\0002\000\040\000T\000r\000a\000i\000n\000i\000n\000g\000\040\000C\000o\000n\000f\000i\000g\000u\000r\000a\000t\000i\000o\000n}{section.5}% 64
\BOOKMARK [2][-]{subsection.5.6}{\376\377\000M\000o\000d\000e\000l\000\040\000E\000v\000a\000l\000u\000a\000t\000i\000o\000n\000\040\000a\000n\000d\000\040\000B\000u\000s\000i\000n\000e\000s\000s\000\040\000F\000i\000t}{section.5}% 65
\BOOKMARK [2][-]{subsection.5.7}{\376\377\000C\000o\000m\000p\000a\000r\000a\000t\000i\000v\000e\000\040\000A\000n\000a\000l\000y\000s\000i\000s}{section.5}% 66
\BOOKMARK [2][-]{subsection.5.8}{\376\377\000O\000r\000g\000a\000n\000i\000z\000a\000t\000i\000o\000n\000a\000l\000\040\000a\000n\000d\000\040\000I\000N\000D\000E\000K\000\040\000P\000e\000r\000s\000p\000e\000c\000t\000i\000v\000e}{section.5}% 67
\BOOKMARK [2][-]{subsection.5.9}{\376\377\000P\000l\000a\000n\000n\000e\000d\000\040\000D\000a\000t\000a\000\040\000A\000n\000a\000l\000y\000s\000i\000s}{section.5}% 68
\BOOKMARK [3][-]{subsubsection.5.9.1}{\376\377\000D\000a\000t\000a\000\040\000A\000n\000a\000l\000y\000s\000i\000s\000\040\000T\000e\000c\000h\000n\000i\000q\000u\000e}{subsection.5.9}% 69
\BOOKMARK [3][-]{subsubsection.5.9.2}{\376\377\000S\000o\000f\000t\000w\000a\000r\000e\000\040\000T\000o\000o\000l\000s}{subsection.5.9}% 70
\BOOKMARK [2][-]{subsection.5.10}{\376\377\000E\000v\000a\000l\000u\000a\000t\000i\000o\000n\000\040\000f\000r\000a\000m\000e\000w\000o\000r\000k}{section.5}% 71
\BOOKMARK [1][-]{section.6}{\376\377\000C\000o\000n\000c\000l\000u\000s\000i\000o\000n\000s\000\040\000a\000n\000d\000\040\000F\000u\000t\000u\000r\000e\000\040\000w\000o\000r\000k}{}% 72
\BOOKMARK [2][-]{subsection.6.1}{\376\377\000C\000o\000n\000c\000l\000u\000s\000i\000o\000n\000s}{section.6}% 73
\BOOKMARK [2][-]{subsection.6.2}{\376\377\000L\000i\000m\000i\000t\000a\000t\000i\000o\000n\000s}{section.6}% 74
\BOOKMARK [2][-]{subsection.6.3}{\376\377\000F\000u\000t\000u\000r\000e\000\040\000w\000o\000r\000k}{section.6}% 75
\BOOKMARK [2][-]{subsection.6.4}{\376\377\000R\000e\000f\000l\000e\000c\000t\000i\000o\000n\000s}{section.6}% 76
\BOOKMARK [1][-]{subsection.6.4}{\376\377\000R\000e\000f\000e\000r\000e\000n\000c\000e\000s}{}% 77
\BOOKMARK [1][-]{section*.8}{\376\377\000A\000p\000p\000e\000n\000d\000i\000c\000e\000s}{}% 78
\BOOKMARK [1][-]{appendix.A}{\376\377\000A\000p\000p\000e\000n\000d\000i\000x\000\040\000A\000:\000\040\000E\000x\000a\000m\000p\000l\000e\000\040\000A\000p\000p\000e\000n\000d\000i\000x\000\040\000T\000i\000t\000l\000e}{}% 79
\BOOKMARK [1][-]{appendix.B}{\376\377\000A\000p\000p\000e\000n\000d\000i\000x\000\040\000B\000:\000\040\000A\000n\000o\000t\000h\000e\000r\000\040\000A\000p\000p\000e\000n\000d\000i\000x\000\040\000E\000x\000a\000m\000p\000l\000e}{}% 80
